<?xml version="1.0" encoding="UTF-8"?>
<!-- Generated by org.testng.reporters.JUnitReportReporter -->
<testsuite hostname="DESKTOP-N8BIK59" failures="0" tests="1" name="Amazon_pacakge.Amazon_project.Test_2_Execution" time="9.620" errors="0" timestamp="2025-06-16T22:27:09 IST" skipped="0">
  <testcase classname="Amazon_pacakge.Amazon_project.Test_2_Execution" name="sucsessfulloginwithrightdetails" time="9.620">
    <system-out>
      <![CDATA[successful done step 3
Successful signin1
Enter the username
Cliking continue
Enter the username
Successful login in]]>
    </system-out>
  </testcase> <!-- sucsessfulloginwithrightdetails -->
  <system-out>
    <![CDATA[Successfully done to account
successful done step 3
Successful signin1
Enter the username
Cliking continue
Enter the username
Successful login in
Successfully close]]>
  </system-out>
</testsuite> <!-- Amazon_pacakge.Amazon_project.Test_2_Execution -->
