<?xml version="1.0" encoding="UTF-8"?>
<!-- Generated by org.testng.reporters.JUnitReportReporter -->
<testsuite hostname="DESKTOP-N8BIK59" failures="0" tests="1" name="Amazon_pacakge.Amazon_project.Test_5_Execution_searchingproduct" time="23.217" errors="0" timestamp="2025-06-16T15:20:05 IST" skipped="0">
  <testcase classname="Amazon_pacakge.Amazon_project.Test_5_Execution_searchingproduct" name="addtocart" time="23.217">
    <system-out>
      <![CDATA[successful done step 3
Successful signin1
Enter the username
Cliking continue
Entering password
Successful login in]]>
    </system-out>
  </testcase> <!-- addtocart -->
  <system-out>
    <![CDATA[Successfully done to account
successful done step 3
Successful signin1
Enter the username
Cliking continue
Entering password
Successful login in
Successfully close]]>
  </system-out>
</testsuite> <!-- Amazon_pacakge.Amazon_project.Test_5_Execution_searchingproduct -->
