<?xml version="1.0" encoding="UTF-8"?>
<!-- Generated by org.testng.reporters.JUnitReportReporter -->
<testsuite hostname="DESKTOP-N8BIK59" failures="0" tests="1" name="Project_1.Testcase_1" time="13.678" errors="0" timestamp="2025-06-05T12:28:56 IST" skipped="0">
  <testcase classname="Project_1.Testcase_1" name="logindetails" time="13.678"/>
</testsuite> <!-- Project_1.Testcase_1 -->
