<?xml version="1.0" encoding="UTF-8"?>
<!-- Generated by org.testng.reporters.JUnitReportReporter -->
<testsuite hostname="DESKTOP-N8BIK59" failures="0" tests="1" name="TestNgprogram.login" time="3.202" errors="0" timestamp="2025-06-05T11:57:48 IST" skipped="0">
  <testcase classname="TestNgprogram.login" name="details" time="3.202">
    <system-out>
      <![CDATA[Entering the vaild details]]>
    </system-out>
  </testcase> <!-- details -->
  <system-out>
    <![CDATA[Successful launching
Entering the vaild details]]>
  </system-out>
</testsuite> <!-- TestNgprogram.login -->
