<?xml version="1.0" encoding="UTF-8"?>
<!-- Generated by org.testng.reporters.JUnitReportReporter -->
<testsuite hostname="DESKTOP-N8BIK59" failures="0" tests="1" name="project1.Test_3_loginfails" time="10.513" errors="0" timestamp="2025-06-06T11:37:01 IST" skipped="0">
  <testcase classname="project1.Test_3_loginfails" name="login_detail_fail" time="10.513"/>
</testsuite> <!-- project1.Test_3_loginfails -->
