<?xml version="1.0" encoding="UTF-8"?>
<!-- Generated by org.testng.reporters.JUnitReportReporter -->
<testsuite hostname="DESKTOP-N8BIK59" failures="0" tests="1" name="project1.Test_7_description" time="19.293" errors="0" timestamp="2025-06-13T00:44:55 IST" skipped="0">
  <testcase classname="project1.Test_7_description" name="displaydescription" time="19.293"/>
</testsuite> <!-- project1.Test_7_description -->
