<?xml version="1.0" encoding="UTF-8"?>
<!-- Generated by org.testng.reporters.JUnitReportReporter -->
<testsuite hostname="DESKTOP-N8BIK59" failures="0" tests="1" name="project1.Test_1_newuser" time="6.960" errors="0" timestamp="2025-06-06T11:11:18 IST" skipped="0">
  <testcase classname="project1.Test_1_newuser" name="newus" time="6.960"/>
</testsuite> <!-- project1.Test_1_newuser -->
