<?xml version="1.0" encoding="UTF-8"?>
<!-- Generated by org.testng.reporters.JUnitReportReporter -->
<testsuite hostname="DESKTOP-N8BIK59" failures="0" tests="1" name="project1.Test_5_product_Shoe" time="16.599" errors="0" timestamp="2025-06-06T15:56:04 IST" skipped="0">
  <testcase classname="project1.Test_5_product_Shoe" name="addshoe" time="16.599"/>
</testsuite> <!-- project1.Test_5_product_Shoe -->
