<?xml version="1.0" encoding="UTF-8"?>
<!-- Generated by org.testng.reporters.JUnitReportReporter -->
<testsuite hostname="DESKTOP-N8BIK59" failures="0" tests="1" name="project1.Test_6_filteroption" time="14.246" errors="0" timestamp="2025-06-13T00:45:49 IST" skipped="0">
  <testcase classname="project1.Test_6_filteroption" name="filterbtn" time="14.246"/>
</testsuite> <!-- project1.Test_6_filteroption -->
