<?xml version="1.0" encoding="UTF-8"?>
<!-- Generated by org.testng.reporters.JUnitReportReporter -->
<testsuite hostname="DESKTOP-N8BIK59" failures="0" tests="3" name="TestNgprogram.amazon" time="11.632" errors="0" timestamp="2025-06-04T20:05:26 IST" skipped="0">
  <testcase classname="TestNgprogram.amazon" name="amazon1" time="4.003"/>
  <testcase classname="TestNgprogram.amazon" name="amazon1" time="4.693"/>
  <testcase classname="TestNgprogram.amazon" name="amazon1" time="2.936"/>
</testsuite> <!-- TestNgprogram.amazon -->
