<?xml version="1.0" encoding="UTF-8"?>
<!-- Generated by org.testng.reporters.JUnitReportReporter -->
<testsuite hostname="DESKTOP-N8BIK59" failures="0" tests="1" name="Classproject.classtestproject.Testcase_2_Addtocart" time="19.281" errors="0" timestamp="2025-06-12T16:38:27 IST" skipped="0">
  <testcase classname="Classproject.classtestproject.Testcase_2_Addtocart" name="addtocart" time="19.281"/>
</testsuite> <!-- Classproject.classtestproject.Testcase_2_Addtocart -->
