<?xml version="1.0" encoding="UTF-8"?>
<!-- Generated by org.testng.reporters.JUnitReportReporter -->
<testsuite hostname="DESKTOP-N8BIK59" failures="0" tests="1" name="Classproject.classtestproject.Testcase_3_AddtoWishlist" time="18.686" errors="0" timestamp="2025-06-12T16:47:56 IST" skipped="0">
  <testcase classname="Classproject.classtestproject.Testcase_3_AddtoWishlist" name="addtowishlist1" time="18.686"/>
</testsuite> <!-- Classproject.classtestproject.Testcase_3_AddtoWishlist -->
