<?xml version="1.0" encoding="UTF-8"?>
<!-- Generated by org.testng.reporters.JUnitReportReporter -->
<testsuite hostname="DESKTOP-N8BIK59" failures="0" tests="1" name="Classproject.classtestproject.Testcase_1_logout" time="10.021" errors="0" timestamp="2025-06-12T13:22:34 IST" skipped="0">
  <testcase classname="Classproject.classtestproject.Testcase_1_logout" name="loginandlogout" time="10.021"/>
</testsuite> <!-- Classproject.classtestproject.Testcase_1_logout -->
