<?xml version="1.0" encoding="UTF-8"?>
<!-- Generated by org.testng.reporters.JUnitReportReporter -->
<testsuite hostname="DESKTOP-N8BIK59" failures="0" tests="1" name="Classproject.classtestproject.Testcase_5_AddtoAddress" time="14.867" errors="0" timestamp="2025-06-12T18:54:16 IST" skipped="0">
  <testcase classname="Classproject.classtestproject.Testcase_5_AddtoAddress" name="addaddress" time="14.867"/>
</testsuite> <!-- Classproject.classtestproject.Testcase_5_AddtoAddress -->
